<?xml version="1.0" encoding="UTF-8"?>
<!-- Generated by org.testng.reporters.JUnitXMLReporter -->
<testsuite hostname="STATION04" ignored="0" name="Default test" tests="3" failures="0" timestamp="2019-09-03T15:58:23 SGT" time="38.112" errors="0">
  <testcase name="Test_Checklist_03" time="10.369" classname="extent_report.ExtentReport"/>
  <testcase name="Test_Checklist_19" time="3.596" classname="extent_report.ExtentReport"/>
  <testcase name="Test_Checklist_20" time="2.134" classname="extent_report.ExtentReport"/>
</testsuite> <!-- Default test -->
